[05:58:17] [main/INFO] [LaunchWrapper]: Loading tweak class name net.minecraftforge.fml.common.launcher.FMLServerTweaker
[05:58:17] [main/INFO] [LaunchWrapper]: Using primary tweak class name net.minecraftforge.fml.common.launcher.FMLServerTweaker
[05:58:17] [main/INFO] [LaunchWrapper]: Calling tweak class net.minecraftforge.fml.common.launcher.FMLServerTweaker
[05:58:17] [main/INFO] [FML]: Forge Mod Loader version 14.23.5.2860 for Minecraft 1.12.2 loading
[05:58:17] [main/INFO] [FML]: Java is OpenJDK 64-Bit Server VM, version 1.8.0_442, running on Linux:amd64:6.8.0-1026-azure, installed at /usr/lib/jvm/java-8-openjdk-amd64/jre
[05:58:17] [main/INFO] [FML]: Searching /workspaces/feria/servidor_minecraft/./mods for mods
[05:58:17] [main/INFO] [FML]: Loading tweaker org.spongepowered.asm.launch.MixinTweaker from [1.12.2] SecurityCraft v1.9.12.1.jar
[05:58:17] [main/WARN] [FML]: Found FMLCorePluginContainsFMLMod marker in astralsorcery-1.12.2-1.10.27.jar. This is not recommended, @Mods should be in a separate jar from the coremod.
[05:58:17] [main/WARN] [FML]: The coremod hellfirepvp.astralsorcery.core.AstralCore does not have a MCVersion annotation, it may cause issues with this version of Minecraft
[05:58:17] [main/INFO] [Astral Core]: [AstralCore] Initialized.
[05:58:17] [main/WARN] [FML]: Found FMLCorePluginContainsFMLMod marker in CTM-MC1.12.2-1.0.2.31.jar. This is not recommended, @Mods should be in a separate jar from the coremod.
[05:58:17] [main/WARN] [FML]: The coremod team.chisel.ctm.client.asm.CTMCorePlugin does not have a MCVersion annotation, it may cause issues with this version of Minecraft
[05:58:17] [main/WARN] [FML]: The coremod CTMCorePlugin (team.chisel.ctm.client.asm.CTMCorePlugin) is not signed!
[05:58:17] [main/WARN] [FML]: Found FMLCorePluginContainsFMLMod marker in Future-MC-0.2.21.jar. This is not recommended, @Mods should be in a separate jar from the coremod.
[05:58:17] [main/WARN] [FML]: The coremod FutureMC (thedarkcolour.futuremc.asm.CoreLoader) is not signed!
[05:58:17] [main/WARN] [FML]: Found FMLCorePluginContainsFMLMod marker in iceandfire-1.9.1-1.12.2.jar. This is not recommended, @Mods should be in a separate jar from the coremod.
[05:58:17] [main/WARN] [FML]: The coremod iceandfire (com.github.alexthe666.iceandfire.asm.IceAndFirePlugin) is not signed!
[05:58:17] [main/INFO] [FML]: Loading tweaker org.spongepowered.asm.launch.MixinTweaker from MyServerIsCompatible-1.12.2-1.0.jar
[05:58:17] [main/WARN] [FML]: Found FMLCorePluginContainsFMLMod marker in Quark-r1.6-179.jar. This is not recommended, @Mods should be in a separate jar from the coremod.
[05:58:17] [main/WARN] [FML]: The coremod Quark Plugin (vazkii.quark.base.asm.LoadingPlugin) is not signed!
[05:58:17] [main/INFO] [FML]: Loading tweaker org.spongepowered.asm.launch.MixinTweaker from SpartanWeaponry-1.12.2-1.6.0.jar
[05:58:17] [main/WARN] [FML]: Found FMLCorePluginContainsFMLMod marker in wings-1.1.6-1.12.2.jar. This is not recommended, @Mods should be in a separate jar from the coremod.
[05:58:17] [main/WARN] [FML]: The coremod wings (me.paulf.wings.server.asm.plugin.WingsLoadingPlugin) is not signed!
[05:58:17] [main/INFO] [FML]: Loading tweaker org.spongepowered.asm.launch.MixinTweaker from WolfArmorAndStorage-1.12.2-3.8.0-universal-signed.jar
[05:58:17] [main/INFO] [LaunchWrapper]: Loading tweak class name net.minecraftforge.fml.common.launcher.FMLInjectionAndSortingTweaker
[05:58:17] [main/INFO] [LaunchWrapper]: Loading tweak class name org.spongepowered.asm.launch.MixinTweaker
[05:58:17] [main/INFO] [mixin]: SpongePowered MIXIN Subsystem Version=0.8.3 Source=file:/workspaces/feria/servidor_minecraft/./mods/%5B1.12.2%5D%20SecurityCraft%20v1.9.12.1.jar Service=LaunchWrapper Env=SERVER
[05:58:17] [main/WARN] [FML]: The coremod SecurityCraftLoadingPlugin (net.geforcemods.securitycraft.SecurityCraftLoadingPlugin) is not signed!
[05:58:17] [main/INFO] [mixin]: Compatibility level set to JAVA_8
[05:58:17] [main/WARN] [FML]: The coremod com.focamacho.myserveriscompatible.asm.MSICCoreMod does not have a MCVersion annotation, it may cause issues with this version of Minecraft
[05:58:17] [main/WARN] [FML]: The coremod MSICCoreMod (com.focamacho.myserveriscompatible.asm.MSICCoreMod) is not signed!
[05:58:17] [main/WARN] [FML]: The coremod SpartanWeaponry-MixinLoader (com.oblivioussp.spartanweaponry.mixin.MixinLoader) is not signed!
[05:58:17] [main/WARN] [LaunchWrapper]: Tweak class name org.spongepowered.asm.launch.MixinTweaker has already been visited -- skipping
[05:58:17] [main/WARN] [LaunchWrapper]: Tweak class name org.spongepowered.asm.launch.MixinTweaker has already been visited -- skipping
[05:58:17] [main/WARN] [LaunchWrapper]: Tweak class name org.spongepowered.asm.launch.MixinTweaker has already been visited -- skipping
[05:58:17] [main/INFO] [LaunchWrapper]: Loading tweak class name net.minecraftforge.fml.common.launcher.FMLDeobfTweaker
[05:58:17] [main/INFO] [LaunchWrapper]: Calling tweak class net.minecraftforge.fml.common.launcher.FMLInjectionAndSortingTweaker
[05:58:17] [main/INFO] [LaunchWrapper]: Calling tweak class net.minecraftforge.fml.common.launcher.FMLInjectionAndSortingTweaker
[05:58:17] [main/INFO] [LaunchWrapper]: Calling tweak class net.minecraftforge.fml.relauncher.CoreModManager$FMLPluginWrapper
[05:58:18] [main/INFO] [FML]: Found valid fingerprint for Minecraft Forge. Certificate fingerprint e3c3d50c7c986df74c645c0ac54639741c90a557
[05:58:18] [main/INFO] [LaunchWrapper]: Calling tweak class net.minecraftforge.fml.relauncher.CoreModManager$FMLPluginWrapper
[05:58:18] [main/INFO] [LaunchWrapper]: Calling tweak class org.spongepowered.asm.launch.MixinTweaker
[05:58:18] [main/INFO] [mixin]: Initialised Mixin FML Remapper Adapter with net.minecraftforge.fml.common.asm.transformers.deobf.FMLDeobfuscatingRemapper@7c28c1
[05:58:18] [main/INFO] [LaunchWrapper]: Calling tweak class net.minecraftforge.fml.common.launcher.FMLDeobfTweaker
[05:58:18] [main/INFO] [Astral Core]: [AstralTransformer] Loading patches...
[05:58:18] [main/INFO] [Astral Core]: [AstralTransformer] Initialized! Loaded 14 class patches!
[05:58:19] [main/INFO] [LaunchWrapper]: Calling tweak class net.minecraftforge.fml.relauncher.CoreModManager$FMLPluginWrapper
[05:58:19] [main/INFO] [LaunchWrapper]: Calling tweak class net.minecraftforge.fml.relauncher.CoreModManager$FMLPluginWrapper
[05:58:19] [main/INFO] [LaunchWrapper]: Calling tweak class net.minecraftforge.fml.relauncher.CoreModManager$FMLPluginWrapper
[05:58:19] [main/INFO] [LaunchWrapper]: Calling tweak class net.minecraftforge.fml.relauncher.CoreModManager$FMLPluginWrapper
[05:58:19] [main/INFO] [LaunchWrapper]: Calling tweak class net.minecraftforge.fml.relauncher.CoreModManager$FMLPluginWrapper
[05:58:19] [main/INFO] [LaunchWrapper]: Calling tweak class net.minecraftforge.fml.relauncher.CoreModManager$FMLPluginWrapper
[05:58:19] [main/INFO] [LaunchWrapper]: Calling tweak class net.minecraftforge.fml.relauncher.CoreModManager$FMLPluginWrapper
[05:58:19] [main/INFO] [LaunchWrapper]: Loading tweak class name net.minecraftforge.fml.common.launcher.TerminalTweaker
[05:58:19] [main/INFO] [LaunchWrapper]: Loading tweak class name org.spongepowered.asm.mixin.EnvironmentStateTweaker
[05:58:19] [main/INFO] [LaunchWrapper]: Calling tweak class net.minecraftforge.fml.common.launcher.TerminalTweaker
[05:58:19] [main/INFO] [LaunchWrapper]: Calling tweak class org.spongepowered.asm.mixin.EnvironmentStateTweaker
[05:58:19] [main/INFO] [Quark ASM]: Transforming net.minecraft.entity.Entity
[05:58:19] [main/INFO] [Quark ASM]: Applying Transformation to method (Names [move, func_70091_d] Descriptor (Lnet/minecraft/entity/MoverType;DDD)V)
[05:58:19] [main/INFO] [Quark ASM]: Located Method, patching...
[05:58:19] [main/INFO] [Quark ASM]: Patch result: true
[05:58:19] [main/INFO] [Quark ASM]: Located Method, patching...
[05:58:19] [main/INFO] [Quark ASM]: Located patch target node INVOKEVIRTUAL net/minecraft/entity/Entity.func_145775_I ()V
[05:58:19] [main/INFO] [Quark ASM]: Patch result: true
[05:58:19] [main/INFO] [Quark ASM]: Applying Transformation to method (Names [onEntityUpdate, func_70030_z] Descriptor ()V)
[05:58:19] [main/INFO] [Quark ASM]: Located Method, patching...
[05:58:19] [main/INFO] [Quark ASM]: Patch result: true
[05:58:19] [main/INFO] [Astral Core]: [AstralTransformer] Transforming vp : net.minecraft.entity.EntityLivingBase with 4 patches!
[05:58:19] [main/INFO] [Astral Core]: [AstralTransformer] Applied patch PATCHAPPLYPOTIONEFFECTEVENT
[05:58:19] [main/INFO] [Astral Core]: [AstralTransformer] Applied patch PATCHENTITYLIVINGBASEWATERSLOWDOWN
[05:58:19] [main/INFO] [Astral Core]: [AstralTransformer] Applied patch PATCHSETPLAYERATTRIBUTE
[05:58:19] [main/INFO] [Astral Core]: [AstralTransformer] Applied patch PATCHUPDATEELYTRA
[05:58:19] [main/WARN] [LLibrary Core]: Failed to fetch hierarchy node for net.minecraft.nbt.NBTTagList. This may cause patch issues
[05:58:19] [main/WARN] [LLibrary Core]: Failed to fetch hierarchy node for net.minecraft.entity.player.EntityPlayerMP. This may cause patch issues
[05:58:19] [main/INFO] [Astral Core]: [AstralTransformer] Transforming amu : net.minecraft.world.World with 2 patches!
[05:58:19] [main/INFO] [Astral Core]: [AstralTransformer] Skipping PATCHSUNBRIGHTNESSWORLDCLIENT as it can't be applied for side SERVER
[05:58:19] [main/INFO] [Astral Core]: [AstralTransformer] Applied patch PATCHSUNBRIGHTNESSWORLDCOMMON
[05:58:19] [main/INFO] [Quark ASM]: Transforming net.minecraft.world.WorldServer
[05:58:19] [main/INFO] [Quark ASM]: Applying Transformation to method (Names [areAllPlayersAsleep, func_73056_e] Descriptor ()Z)
[05:58:19] [main/INFO] [Quark ASM]: Located Method, patching...
[05:58:19] [main/INFO] [Quark ASM]: Patch result: true
[05:58:19] [main/INFO] [Quark ASM]: Applying Transformation to method (Names [wakeAllPlayers, func_73053_d] Descriptor ()V)
[05:58:19] [main/INFO] [Quark ASM]: Located Method, patching...
[05:58:19] [main/INFO] [Quark ASM]: Patch result: true
[05:58:19] [main/INFO] [Astral Core]: [AstralTransformer] Transforming pa : net.minecraft.network.NetHandlerPlayServer with 1 patches!
[05:58:19] [main/INFO] [Astral Core]: [AstralTransformer] Applied patch PATCHSERVEREXTENDENTITYINTERACTREACH
[05:58:19] [main/WARN] [LLibrary Core]: Failed to fetch hierarchy node for net.minecraft.util.text.TextComponentTranslation. This may cause patch issues
[05:58:19] [main/WARN] [LLibrary Core]: Failed to fetch hierarchy node for net.minecraft.tileentity.CommandBlockBaseLogic. This may cause patch issues
[05:58:19] [main/WARN] [LLibrary Core]: Failed to fetch hierarchy node for net.minecraft.item.ItemStack. This may cause patch issues
[05:58:19] [main/WARN] [LLibrary Core]: Failed to fetch hierarchy node for net.minecraft.entity.EntityLivingBase. This may cause patch issues
[05:58:19] [main/WARN] [LLibrary Core]: Failed to fetch hierarchy node for net.minecraft.entity.Entity. This may cause patch issues
[05:58:19] [main/INFO] [Astral Core]: [AstralTransformer] Transforming vp : net.minecraft.entity.EntityLivingBase with 4 patches!
[05:58:19] [main/INFO] [Astral Core]: [AstralTransformer] Applied patch PATCHAPPLYPOTIONEFFECTEVENT
[05:58:19] [main/INFO] [Astral Core]: [AstralTransformer] Applied patch PATCHENTITYLIVINGBASEWATERSLOWDOWN
[05:58:19] [main/INFO] [Astral Core]: [AstralTransformer] Applied patch PATCHSETPLAYERATTRIBUTE
[05:58:19] [main/INFO] [Astral Core]: [AstralTransformer] Applied patch PATCHUPDATEELYTRA
[05:58:19] [main/INFO] [Astral Core]: [AstralTransformer] Transforming amu : net.minecraft.world.World with 2 patches!
[05:58:19] [main/INFO] [Astral Core]: [AstralTransformer] Skipping PATCHSUNBRIGHTNESSWORLDCLIENT as it can't be applied for side SERVER
[05:58:19] [main/INFO] [Astral Core]: [AstralTransformer] Applied patch PATCHSUNBRIGHTNESSWORLDCOMMON
[05:58:20] [main/INFO] [Astral Core]: [AstralTransformer] Transforming aip : net.minecraft.item.ItemStack with 2 patches!
[05:58:20] [main/INFO] [Astral Core]: [AstralTransformer] Skipping PATCHMODIFYENCHANTMENTLEVELSTOOLTIP as it can't be applied for side SERVER
[05:58:20] [main/INFO] [Astral Core]: [AstralTransformer] Skipping PATCHMODIFYENCHANTMENTLEVELSTOOLTIPEVENT as it can't be applied for side SERVER
[05:58:20] [main/INFO] [Quark ASM]: Transforming net.minecraft.item.ItemStack
[05:58:20] [main/INFO] [Quark ASM]: Applying Transformation to method (Names [getTextComponent, func_151000_E] Descriptor ()Lnet/minecraft/util/text/ITextComponent;)
[05:58:20] [main/INFO] [Quark ASM]: Located Method, patching...
[05:58:20] [main/INFO] [Quark ASM]: Located patch target node ARETURN
[05:58:20] [main/INFO] [Quark ASM]: Patch result: true
[05:58:20] [main/INFO] [Quark ASM]: Transforming net.minecraft.util.DamageSource
[05:58:20] [main/INFO] [Quark ASM]: Applying Transformation to method (Names [causePlayerDamage, func_76365_a] Descriptor (Lnet/minecraft/entity/player/EntityPlayer;)Lnet/minecraft/util/DamageSource;)
[05:58:20] [main/INFO] [Quark ASM]: Located Method, patching...
[05:58:20] [main/INFO] [Quark ASM]: Patch result: true
[05:58:20] [main/INFO] [Quark ASM]: Transforming net.minecraft.entity.Entity
[05:58:20] [main/INFO] [Quark ASM]: Applying Transformation to method (Names [move, func_70091_d] Descriptor (Lnet/minecraft/entity/MoverType;DDD)V)
[05:58:20] [main/INFO] [Quark ASM]: Located Method, patching...
[05:58:20] [main/INFO] [Quark ASM]: Patch result: true
[05:58:20] [main/INFO] [Quark ASM]: Located Method, patching...
[05:58:20] [main/INFO] [Quark ASM]: Located patch target node INVOKEVIRTUAL net/minecraft/entity/Entity.func_145775_I ()V
[05:58:20] [main/INFO] [Quark ASM]: Patch result: true
[05:58:20] [main/INFO] [Quark ASM]: Applying Transformation to method (Names [onEntityUpdate, func_70030_z] Descriptor ()V)
[05:58:20] [main/INFO] [Quark ASM]: Located Method, patching...
[05:58:20] [main/INFO] [Quark ASM]: Patch result: true
[05:58:20] [main/INFO] [LaunchWrapper]: Launching wrapped minecraft {net.minecraft.server.MinecraftServer}
[05:58:20] [main/INFO] [STDOUT]: [team.chisel.ctm.client.asm.CTMTransformer:preTransform:230]: Transforming Class [net.minecraft.block.Block], Method [getExtendedState]
[05:58:20] [main/INFO] [STDOUT]: [team.chisel.ctm.client.asm.CTMTransformer:finishTransform:242]: Transforming net.minecraft.block.Block Finished.
[05:58:20] [main/INFO] [Quark ASM]: Transforming net.minecraft.enchantment.Enchantment
[05:58:20] [main/INFO] [Quark ASM]: Applying Transformation to method (Names [canApply, func_92089_a] Descriptor (Lnet/minecraft/item/ItemStack;)Z)
[05:58:20] [main/INFO] [Quark ASM]: Located Method, patching...
[05:58:20] [main/INFO] [Quark ASM]: Located patch target node IRETURN
[05:58:20] [main/INFO] [Quark ASM]: Patch result: true
[05:58:20] [main/INFO] [Quark ASM]: Transforming net.minecraft.entity.item.EntityItem
[05:58:20] [main/INFO] [Quark ASM]: Applying Transformation to method (Names [onUpdate, func_70071_h_] Descriptor ()V)
[05:58:20] [main/INFO] [Quark ASM]: Located Method, patching...
[05:58:20] [main/INFO] [Quark ASM]: Patch result: true
[05:58:20] [main/INFO] [Astral Core]: [AstralTransformer] Transforming aip : net.minecraft.item.ItemStack with 2 patches!
[05:58:20] [main/INFO] [Astral Core]: [AstralTransformer] Skipping PATCHMODIFYENCHANTMENTLEVELSTOOLTIP as it can't be applied for side SERVER
[05:58:20] [main/INFO] [Astral Core]: [AstralTransformer] Skipping PATCHMODIFYENCHANTMENTLEVELSTOOLTIPEVENT as it can't be applied for side SERVER
[05:58:20] [main/INFO] [Quark ASM]: Transforming net.minecraft.item.ItemStack
[05:58:20] [main/INFO] [Quark ASM]: Applying Transformation to method (Names [getTextComponent, func_151000_E] Descriptor ()Lnet/minecraft/util/text/ITextComponent;)
[05:58:20] [main/INFO] [Quark ASM]: Located Method, patching...
[05:58:20] [main/INFO] [Quark ASM]: Located patch target node ARETURN
[05:58:20] [main/INFO] [Quark ASM]: Patch result: true
[05:58:20] [main/INFO] [Quark ASM]: Transforming net.minecraft.block.BlockDynamicLiquid
[05:58:20] [main/INFO] [Quark ASM]: Applying Transformation to method (Names [isBlocked, func_176372_g] Descriptor (Lnet/minecraft/world/World;Lnet/minecraft/util/math/BlockPos;Lnet/minecraft/block/state/IBlockState;)Z)
[05:58:20] [main/INFO] [Quark ASM]: Located Method, patching...
[05:58:20] [main/INFO] [Quark ASM]: Located patch target node IRETURN
[05:58:20] [main/INFO] [Quark ASM]: Located patch target node IRETURN
[05:58:20] [main/INFO] [Quark ASM]: Patch result: true
[05:58:20] [main/INFO] [Quark ASM]: Transforming net.minecraft.block.BlockPistonBase
[05:58:20] [main/INFO] [Quark ASM]: Applying Transformation to method (Names [canPush, func_185646_a] Descriptor (Lnet/minecraft/block/state/IBlockState;Lnet/minecraft/world/World;Lnet/minecraft/util/math/BlockPos;Lnet/minecraft/util/EnumFacing;ZLnet/minecraft/util/EnumFacing;)Z)
[05:58:20] [main/INFO] [Quark ASM]: Located Method, patching...
[05:58:20] [main/INFO] [Quark ASM]: Located patch target node INVOKEVIRTUAL net/minecraft/block/Block.hasTileEntity (Lnet/minecraft/block/state/IBlockState;)Z
[05:58:20] [main/INFO] [Quark ASM]: Patch result: true
[05:58:20] [main/INFO] [Quark ASM]: Applying Transformation to method (Names [doMove, func_176319_a] Descriptor (Lnet/minecraft/world/World;Lnet/minecraft/util/math/BlockPos;Lnet/minecraft/util/EnumFacing;Z)Z)
[05:58:20] [main/INFO] [Quark ASM]: Located Method, patching...
[05:58:20] [main/INFO] [Quark ASM]: Located patch target node INVOKEVIRTUAL net/minecraft/block/state/BlockPistonStructureHelper.func_177254_c ()Ljava/util/List;
[05:58:20] [main/INFO] [Quark ASM]: Patch result: true
[05:58:20] [main/INFO] [Quark ASM]: Applying Transformation to method (Names [doMove, func_176319_a] Descriptor (Lnet/minecraft/world/World;Lnet/minecraft/util/math/BlockPos;Lnet/minecraft/util/EnumFacing;Z)Z)
[05:58:20] [main/INFO] [Quark ASM]: Located Method, patching...
[05:58:20] [main/INFO] [Quark ASM]: Located patch target node INVOKESPECIAL net/minecraft/block/state/BlockPistonStructureHelper.<init> (Lnet/minecraft/world/World;Lnet/minecraft/util/math/BlockPos;Lnet/minecraft/util/EnumFacing;Z)V
[05:58:20] [main/INFO] [Quark ASM]: Patch result: true
[05:58:20] [main/INFO] [Quark ASM]: Applying Transformation to method (Names [checkForMove, func_176316_e] Descriptor (Lnet/minecraft/world/World;Lnet/minecraft/util/math/BlockPos;Lnet/minecraft/block/state/IBlockState;)V)
[05:58:20] [main/INFO] [Quark ASM]: Located Method, patching...
[05:58:20] [main/INFO] [Quark ASM]: Located patch target node INVOKESPECIAL net/minecraft/block/state/BlockPistonStructureHelper.<init> (Lnet/minecraft/world/World;Lnet/minecraft/util/math/BlockPos;Lnet/minecraft/util/EnumFacing;Z)V
[05:58:20] [main/INFO] [Quark ASM]: Patch result: true
[05:58:20] [main/INFO] [Quark ASM]: Transforming net.minecraft.tileentity.TileEntityPiston
[05:58:20] [main/INFO] [Quark ASM]: Applying Transformation to method (Names [update, func_73660_a] Descriptor ()V)
[05:58:20] [main/INFO] [Quark ASM]: Located Method, patching...
[05:58:20] [main/INFO] [Quark ASM]: Patch result: true
[05:58:20] [main/INFO] [Quark ASM]: Applying Transformation to method (Names [clearPistonTileEntity, func_145866_f] Descriptor ()V)
[05:58:20] [main/INFO] [Quark ASM]: Located Method, patching...
[05:58:20] [main/INFO] [Quark ASM]: Located patch target node INVOKEVIRTUAL net/minecraft/world/World.func_180501_a (Lnet/minecraft/util/math/BlockPos;Lnet/minecraft/block/state/IBlockState;I)Z
[05:58:20] [main/INFO] [Quark ASM]: Patch result: true
[05:58:20] [main/INFO] [Quark ASM]: Applying Transformation to method (Names [update, func_73660_a] Descriptor ()V)
[05:58:20] [main/INFO] [Quark ASM]: Located Method, patching...
[05:58:20] [main/INFO] [Quark ASM]: Located patch target node INVOKEVIRTUAL net/minecraft/world/World.func_180501_a (Lnet/minecraft/util/math/BlockPos;Lnet/minecraft/block/state/IBlockState;I)Z
[05:58:20] [main/INFO] [Quark ASM]: Patch result: true
[05:58:21] [main/INFO] [Quark ASM]: Transforming net.minecraft.enchantment.EnchantmentDamage
[05:58:21] [main/INFO] [Quark ASM]: Applying Transformation to method (Names [canApply, func_92089_a] Descriptor (Lnet/minecraft/item/ItemStack;)Z)
[05:58:21] [main/INFO] [Quark ASM]: Located Method, patching...
[05:58:21] [main/INFO] [Quark ASM]: Located patch target node IRETURN
[05:58:21] [main/INFO] [Quark ASM]: Located patch target node IRETURN
[05:58:21] [main/INFO] [Quark ASM]: Patch result: true
[05:58:21] [main/INFO] [Quark ASM]: Transforming net.minecraft.entity.item.EntityMinecart
[05:58:21] [main/INFO] [Quark ASM]: Applying Transformation to method (Names [killMinecart, func_94095_a] Descriptor (Lnet/minecraft/util/DamageSource;)V)
[05:58:21] [main/INFO] [Quark ASM]: Located Method, patching...
[05:58:21] [main/INFO] [Quark ASM]: Located patch target node INVOKEVIRTUAL net/minecraft/entity/item/EntityMinecart.func_70099_a (Lnet/minecraft/item/ItemStack;F)Lnet/minecraft/entity/item/EntityItem;
[05:58:21] [main/INFO] [Quark ASM]: Patch result: true
[05:58:21] [main/INFO] [Quark ASM]: Transforming net.minecraft.entity.item.EntityBoat
[05:58:21] [main/INFO] [Quark ASM]: Applying Transformation to method (Names [attackEntityFrom, func_70097_a] Descriptor (Lnet/minecraft/util/DamageSource;F)Z)
[05:58:21] [main/INFO] [Quark ASM]: Located Method, patching...
[05:58:21] [main/INFO] [Quark ASM]: Located patch target node INVOKEVIRTUAL net/minecraft/entity/item/EntityBoat.func_145778_a (Lnet/minecraft/item/Item;IF)Lnet/minecraft/entity/item/EntityItem;
[05:58:21] [main/INFO] [Quark ASM]: Patch result: true
[05:58:21] [main/INFO] [Quark ASM]: Transforming net.minecraft.item.ItemBanner
[05:58:21] [main/INFO] [Quark ASM]: Applying Transformation to method (Names [appendHoverTextFromTileEntityTag, func_185054_a] Descriptor (Lnet/minecraft/item/ItemStack;Ljava/util/List;)V)
[05:58:21] [main/INFO] [Quark ASM]: Failed to locate the method!
[05:58:21] [main/INFO] [Astral Core]: [AstralTransformer] Transforming wg : net.minecraft.entity.ai.attributes.AbstractAttributeMap with 1 patches!
[05:58:21] [main/INFO] [Astral Core]: [AstralTransformer] Applied patch PATCHADDPLAYERATTRIBUTE
[05:58:21] [main/INFO] [Quark ASM]: Transforming net.minecraft.entity.ai.EntityAITarget
[05:58:21] [main/INFO] [Quark ASM]: Applying Transformation to method (Names [isSuitableTarget, func_179445_a] Descriptor (Lnet/minecraft/entity/EntityLiving;Lnet/minecraft/entity/EntityLivingBase;ZZ)Z)
[05:58:21] [main/INFO] [Quark ASM]: Located Method, patching...
[05:58:21] [main/INFO] [Quark ASM]: Patch result: true
[05:58:22] [main/INFO] [Astral Core]: [AstralTransformer] Transforming alm : net.minecraft.enchantment.EnchantmentHelper with 1 patches!
[05:58:22] [main/INFO] [Astral Core]: [AstralTransformer] Applied patch PATCHMODIFYENCHANTMENTLEVELS
[05:58:22] [main/INFO] [Quark ASM]: Transforming net.minecraft.enchantment.EnchantmentHelper
[05:58:22] [main/INFO] [Quark ASM]: Applying Transformation to method (Names [getEnchantments, func_82781_a] Descriptor (Lnet/minecraft/item/ItemStack;)Ljava/util/Map;)
[05:58:22] [main/INFO] [Quark ASM]: Located Method, patching...
[05:58:22] [main/INFO] [Quark ASM]: Located patch target node INVOKEVIRTUAL net/minecraft/item/ItemStack.func_77986_q ()Lnet/minecraft/nbt/NBTTagList;
[05:58:22] [main/INFO] [Quark ASM]: Patch result: true
[05:58:22] [main/INFO] [Quark ASM]: Transforming net.minecraft.entity.item.EntityItem
[05:58:22] [main/INFO] [Quark ASM]: Applying Transformation to method (Names [onUpdate, func_70071_h_] Descriptor ()V)
[05:58:22] [main/INFO] [Quark ASM]: Located Method, patching...
[05:58:22] [main/INFO] [Quark ASM]: Patch result: true
[05:58:22] [main/INFO] [STDOUT]: [team.chisel.ctm.client.asm.CTMTransformer:preTransform:230]: Transforming Class [net.minecraft.block.Block], Method [getExtendedState]
[05:58:22] [main/INFO] [STDOUT]: [team.chisel.ctm.client.asm.CTMTransformer:finishTransform:242]: Transforming net.minecraft.block.Block Finished.
[05:58:22] [main/INFO] [Quark ASM]: Transforming net.minecraft.enchantment.Enchantment
[05:58:22] [main/INFO] [Quark ASM]: Applying Transformation to method (Names [canApply, func_92089_a] Descriptor (Lnet/minecraft/item/ItemStack;)Z)
[05:58:22] [main/INFO] [Quark ASM]: Located Method, patching...
[05:58:22] [main/INFO] [Quark ASM]: Located patch target node IRETURN
[05:58:22] [main/INFO] [Quark ASM]: Patch result: true
[05:58:22] [main/INFO] [Quark ASM]: Transforming net.minecraft.item.crafting.RecipesBanners$RecipeAddPattern
[05:58:22] [main/INFO] [Quark ASM]: Applying Transformation to method (Names [matches, func_77569_a] Descriptor (Lnet/minecraft/inventory/InventoryCrafting;Lnet/minecraft/world/World;)Z)
[05:58:22] [main/INFO] [Quark ASM]: Located Method, patching...
[05:58:22] [main/INFO] [Quark ASM]: Located patch target node INVOKESTATIC net/minecraft/tileentity/TileEntityBanner.func_175113_c (Lnet/minecraft/item/ItemStack;)I
[05:58:22] [main/INFO] [Quark ASM]: Patch result: true
[05:58:22] [main/INFO] [Quark ASM]: Transforming net.minecraft.inventory.ContainerMerchant
[05:58:22] [main/INFO] [Quark ASM]: Applying Transformation to method (Names [transferStackInSlot, func_82846_b] Descriptor (Lnet/minecraft/entity/player/EntityPlayer;I)Lnet/minecraft/item/ItemStack;)
[05:58:22] [main/INFO] [Quark ASM]: Located Method, patching...
[05:58:22] [main/INFO] [Quark ASM]: Located patch target node INVOKEVIRTUAL net/minecraft/inventory/ContainerMerchant.func_75135_a (Lnet/minecraft/item/ItemStack;IIZ)Z
[05:58:22] [main/INFO] [Quark ASM]: Located patch target node INVOKEVIRTUAL net/minecraft/inventory/ContainerMerchant.func_75135_a (Lnet/minecraft/item/ItemStack;IIZ)Z
[05:58:22] [main/INFO] [Quark ASM]: Located patch target node INVOKEVIRTUAL net/minecraft/inventory/ContainerMerchant.func_75135_a (Lnet/minecraft/item/ItemStack;IIZ)Z
[05:58:22] [main/INFO] [Quark ASM]: Located patch target node INVOKEVIRTUAL net/minecraft/inventory/ContainerMerchant.func_75135_a (Lnet/minecraft/item/ItemStack;IIZ)Z
[05:58:22] [main/INFO] [Quark ASM]: Patch result: true
[05:58:23] [Server thread/INFO] [net.minecraft.server.dedicated.DedicatedServer]: Starting minecraft server version 1.12.2
[05:58:23] [Server thread/INFO] [FML]: MinecraftForge v14.23.5.2860 Initialized
[05:58:23] [Server thread/INFO] [FML]: Starts to replace vanilla recipe ingredients with ore ingredients.
[05:58:23] [Server thread/INFO] [FML]: Invalid recipe found with multiple oredict ingredients in the same ingredient...
[05:58:23] [Server thread/INFO] [FML]: Replaced 1227 ore ingredients
[05:58:23] [Server thread/INFO] [FML]: Searching /workspaces/feria/servidor_minecraft/./mods for mods
[05:58:23] [Server thread/WARN] [FML]: Mod securitycraft is missing the required element 'version' and a version.properties file could not be found. Falling back to metadata version v1.9.12.1
[05:58:23] [Server thread/WARN] [FML]: Mod damageindicatorsmod is missing the required element 'version' and no fallback can be found. Substituting '1.0'.
[05:58:24] [Server thread/INFO] [FML]: Disabling mod ctm it is client side only.
[05:58:24] [Server thread/WARN] [FML]: Mod ironchest is missing the required element 'version' and a version.properties file could not be found. Falling back to metadata version 1.12.2-7.0.67.844
[05:58:24] [Server thread/INFO] [FML]: Disabling mod jeresources it is client side only.
[05:58:25] [Server thread/WARN] [FML]: Mod wings is missing the required element 'version' and a version.properties file could not be found. Falling back to metadata version 1.1.6
[05:58:25] [Server thread/INFO] [FML]: Forge Mod Loader has identified 49 mods to load
[05:58:25] [Server thread/INFO] [FML]: Found mod(s) [futuremc] containing declared API package vazkii.quark.api (owned by quark) without associated API reference
[05:58:25] [Server thread/INFO] [FML]: Found mod(s) [inventorypets] containing declared API package baubles.api (owned by Baubles) without associated API reference
[05:58:25] [Server thread/WARN] [FML]: Missing English translation for FML: assets/fml/lang/en_us.lang
[05:58:25] [Server thread/WARN] [FML]: Missing English translation for bibliotheca: assets/bibliotheca/lang/en_us.lang
[05:58:25] [Server thread/WARN] [FML]: Missing English translation for mantle: assets/mantle/lang/en_us.lang
[05:58:25] [Server thread/WARN] [FML]: Missing English translation for morpheus: assets/morpheus/lang/en_us.lang
[05:58:25] [Server thread/WARN] [FML]: Missing English translation for msic: assets/msic/lang/en_us.lang
[05:58:25] [Server thread/WARN] [FML]: Missing English translation for roguelike: assets/roguelike/lang/en_us.lang
[05:58:25] [Server thread/WARN] [FML]: Missing English translation for mowzies_wings: assets/mowzies_wings/lang/en_us.lang
[05:58:25] [Server thread/WARN] [FML]: Missing English translation for bauble_wings: assets/bauble_wings/lang/en_us.lang
[05:58:25] [Server thread/WARN] [FML]: Mod mobends_wings has been disabled through configuration
[05:58:25] [Server thread/FATAL] [FML]: net.minecraftforge.fml.common.MissingModsException: Mod futuremc (Future MC) requires [forgelin]
[05:58:25] [Server thread/FATAL] [FML]: net.minecraftforge.fml.common.MissingModsException: Mod quark (Quark) requires [autoreglib@[1.3-32,)]
[05:58:25] [Server thread/ERROR] [net.minecraft.server.MinecraftServer]: Encountered an unexpected exception
net.minecraftforge.fml.common.MultipleModsErrored: 
Missing Mods:
	unknown : need any: have missing

Missing Mods:
	unknown : need [1.3-32,): have missing


	at net.minecraftforge.fml.common.Loader.sortModList(Loader.java:300) ~[Loader.class:?]
	at net.minecraftforge.fml.common.Loader.loadMods(Loader.java:572) ~[Loader.class:?]
	at net.minecraftforge.fml.server.FMLServerHandler.beginServerLoading(FMLServerHandler.java:98) ~[FMLServerHandler.class:?]
	at net.minecraftforge.fml.common.FMLCommonHandler.onServerStart(FMLCommonHandler.java:333) ~[FMLCommonHandler.class:?]
	at net.minecraft.server.dedicated.DedicatedServer.func_71197_b(DedicatedServer.java:125) ~[nz.class:?]
	at net.minecraft.server.MinecraftServer.run(MinecraftServer.java:486) [MinecraftServer.class:?]
	at java.lang.Thread.run(Thread.java:750) [?:1.8.0_442]
[05:58:25] [Server thread/ERROR] [net.minecraft.server.MinecraftServer]: This crash report has been saved to: /workspaces/feria/servidor_minecraft/./crash-reports/crash-2025-04-29_05.58.25-server.txt
[05:58:25] [Server thread/INFO] [net.minecraft.server.MinecraftServer]: Stopping server
[05:58:25] [Server thread/INFO] [net.minecraft.server.MinecraftServer]: Saving worlds
[05:58:25] [Server thread/INFO] [FML]: The state engine was in incorrect state CONSTRUCTING and forced into state SERVER_STOPPED. Errors may have been discarded.
[05:58:25] [Server Shutdown Thread/INFO] [net.minecraft.server.MinecraftServer]: Stopping server
